15:57:02.517 [main                     ] DEBUG GameApplication      - Logger initialized
15:57:02.522 [main                     ] DEBUG GameApplication      - Logging settings
Title: YTAC Flappy Bird Project
Version: 1.0
Width: 1920
Height: 1080
Fullscreen: false
Intro: false
Menus: false
Profiling: false
Single step:false
App Mode: DEVELOPER
Menu Key: ESCAPE
Stage Style: DECORATED
Scene Factory: class com.almasb.fxgl.app.scene.SceneFactory

15:57:02.847 [JavaFX Application Thread] DEBUG GameApplication      - Initializing FXGL
15:57:02.855 [JavaFX Application Thread] INFO  Engine               - FXGL-11.8 (08.03.2020 09.09) on WINDOWS (J:14.0.1 FX:13.0.2)
15:57:02.856 [JavaFX Application Thread] INFO  Engine               - Source code and latest versions at: https://github.com/AlmasB/FXGL
15:57:02.856 [JavaFX Application Thread] INFO  Engine               -              Join the FXGL chat at: https://gitter.im/AlmasB/FXGL
15:57:02.952 [JavaFX Application Thread] DEBUG MainWindow           - Creating a JavaFX scene
15:57:02.953 [JavaFX Application Thread] DEBUG MainWindow           - Target size > screen size
15:57:02.994 [JavaFX Application Thread] DEBUG MainWindow           - Target settings size: 1920.0 x 1080.0
15:57:02.994 [JavaFX Application Thread] DEBUG MainWindow           - Scaled scene size:    1823.0 x 1039.0
15:57:02.994 [JavaFX Application Thread] DEBUG MainWindow           - Scaled ratio: (0.9494791666666667, 0.962037037037037)
15:57:02.995 [JavaFX Application Thread] DEBUG MainWindow           - Set initial scene to FXGLStartupScene
15:57:03.002 [JavaFX Application Thread] DEBUG MainWindow           - Opening main window
15:57:03.071 [JavaFX Application Thread] DEBUG MainWindow           - Window border size: (16.0, 39.0)
15:57:03.072 [JavaFX Application Thread] DEBUG MainWindow           - Scaled size: 1823.0 x 1039.0
15:57:03.072 [JavaFX Application Thread] DEBUG MainWindow           - Scaled ratio: (0.9494791666666667, 0.962037037037037)
15:57:03.072 [JavaFX Application Thread] DEBUG MainWindow           - Scene size: 1823.0 x 1039.0
15:57:03.072 [JavaFX Application Thread] DEBUG MainWindow           - Stage size: 1839.0 x 1078.0
15:57:03.078 [FXGL Background Thread 1 ] DEBUG Engine               - Initializing environment variables
15:57:03.101 [FXGL Background Thread 1 ] DEBUG WindowService        - Applying CSS: fxgl_dark.css
15:57:03.102 [FXGL Background Thread 1 ] DEBUG AssetLoaderService   - Loading from file system: /assets/ui/css/fxgl_dark.css
15:57:03.139 [FXGL Background Thread 1 ] DEBUG WindowService        - Initializing application scenes
15:57:03.171 [FXGL Background Thread 1 ] DEBUG GameWorld            - Game world initialized
15:57:03.206 [FXGL Background Thread 1 ] DEBUG PhysicsWorld         - Physics world initialized: appHeight=1080, physics.ppm=50.0
15:57:03.208 [FXGL Background Thread 1 ] DEBUG GameScene            - Game scene initialized: 1920x1080
15:57:03.214 [FXGL Background Thread 1 ] DEBUG Input                - Registered new binding: Resume - Esc
15:57:03.217 [FXGL Background Thread 1 ] DEBUG AssetLoaderService   - Loading from file system: /assets/textures/pause_menu_bg.png
15:57:03.262 [FXGL Background Thread 1 ] DEBUG Input                - Registered new binding: Pause - Esc
15:57:03.262 [FXGL Background Thread 1 ] DEBUG WindowService        - Application scenes initialized
15:57:03.270 [FXGL Background Thread 1 ] DEBUG SystemBundleService  - Loading FXGL system data
15:57:03.273 [FXGL Background Thread 1 ] DEBUG FileSystemAccess     - Reading from: C:\Users\Cristian\IdeaProjects\FlappyBird\system\fxgl.bundle
15:57:03.277 [FXGL Background Thread 1 ] DEBUG SystemBundleService  - Bundle FXGL: {}
15:57:03.277 [FXGL Background Thread 1 ] INFO  Engine               - FXGL initialization took: 0.198 sec
15:57:03.278 [FXGL Background Thread 1 ] DEBUG GameApplication      - Loading localizations
15:57:03.279 [FXGL Background Thread 1 ] DEBUG AssetLoaderService   - Loading from file system: /assets/properties/languages/english.properties
15:57:03.281 [FXGL Background Thread 1 ] DEBUG AssetLoaderService   - Loading from file system: /assets/properties/languages/french.properties
15:57:03.282 [FXGL Background Thread 1 ] DEBUG AssetLoaderService   - Loading from file system: /assets/properties/languages/german.properties
15:57:03.284 [FXGL Background Thread 1 ] DEBUG AssetLoaderService   - Loading from file system: /assets/properties/languages/hungarian.properties
15:57:03.285 [FXGL Background Thread 1 ] DEBUG AssetLoaderService   - Loading from file system: /assets/properties/languages/russian.properties
15:57:03.286 [FXGL Background Thread 1 ] DEBUG GameApplication      - Registering font factories with UI factory
15:57:03.286 [FXGL Background Thread 1 ] DEBUG AssetLoaderService   - Loading from file system: /assets/ui/fonts/VarelaRound-Regular.ttf
15:57:06.278 [FXGL Background Thread 2 ] DEBUG Engine               - Logging environment variables
15:57:06.278 [FXGL Background Thread 2 ] DEBUG Engine               - achievements: []
15:57:06.278 [FXGL Background Thread 2 ] DEBUG Engine               - language: ObjectProperty [value: ENGLISH]
15:57:06.278 [FXGL Background Thread 2 ] DEBUG Engine               - isCloseConfirmation: false
15:57:06.278 [FXGL Background Thread 2 ] DEBUG Engine               - isProfilingEnabled: false
15:57:06.278 [FXGL Background Thread 2 ] DEBUG Engine               - soundNotification: core/notification.wav
15:57:06.278 [FXGL Background Thread 2 ] DEBUG Engine               - devShowBBoxProperty: BooleanProperty [value: false]
15:57:06.278 [FXGL Background Thread 2 ] DEBUG Engine               - pixelsPerMeter: 50.0
15:57:06.278 [FXGL Background Thread 2 ] DEBUG Engine               - appIcon: fxgl_icon.png
15:57:06.278 [FXGL Background Thread 2 ] DEBUG Engine               - soundMenuBack: menu/back.wav
15:57:06.278 [FXGL Background Thread 2 ] DEBUG Engine               - isFullScreenAllowed: false
15:57:06.279 [FXGL Background Thread 2 ] DEBUG Engine               - isIntroEnabled: false
15:57:06.279 [FXGL Background Thread 2 ] DEBUG Engine               - fontMono: lucida_console.ttf
15:57:06.279 [FXGL Background Thread 2 ] DEBUG Engine               - soundMenuSelect: menu/select.wav
15:57:06.279 [FXGL Background Thread 2 ] DEBUG Engine               - isWindows: true
15:57:06.279 [FXGL Background Thread 2 ] DEBUG Engine               - isMobile: false
15:57:06.279 [FXGL Background Thread 2 ] DEBUG Engine               - isUserProfileEnabled: false
15:57:06.279 [FXGL Background Thread 2 ] DEBUG Engine               - height: 1080
15:57:06.279 [FXGL Background Thread 2 ] DEBUG Engine               - isExperimentalNative: false
15:57:06.279 [FXGL Background Thread 2 ] DEBUG Engine               - settings: Title: YTAC Flappy Bird Project
Version: 1.0
Width: 1920
Height: 1080
Fullscreen: false
Intro: false
Menus: false
Profiling: false
Single step:false
App Mode: DEVELOPER
Menu Key: ESCAPE
Stage Style: DECORATED
Scene Factory: class com.almasb.fxgl.app.scene.SceneFactory

15:57:06.279 [FXGL Background Thread 2 ] DEBUG Engine               - isSingleStep: false
15:57:06.279 [FXGL Background Thread 2 ] DEBUG Engine               - cSSList: [fxgl_dark.css]
15:57:06.279 [FXGL Background Thread 2 ] DEBUG Engine               - fontGame: Abel-Regular.ttf
15:57:06.279 [FXGL Background Thread 2 ] DEBUG Engine               - menuKey: ESCAPE
15:57:06.280 [FXGL Background Thread 2 ] DEBUG Engine               - devShowPositionProperty: BooleanProperty [value: false]
15:57:06.280 [FXGL Background Thread 2 ] DEBUG Engine               - versionCheckDays: 7
15:57:06.280 [FXGL Background Thread 2 ] DEBUG Engine               - configClass: Optional.empty
15:57:06.280 [FXGL Background Thread 2 ] DEBUG Engine               - isFullScreenFromStart: false
15:57:06.280 [FXGL Background Thread 2 ] DEBUG Engine               - version: 1.0
15:57:06.280 [FXGL Background Thread 2 ] DEBUG Engine               - fullScreen: BooleanProperty [value: false]
15:57:06.280 [FXGL Background Thread 2 ] DEBUG Engine               - randomSeed: -1
15:57:06.280 [FXGL Background Thread 2 ] DEBUG Engine               - gameDifficultyProperty: ObjectProperty [value: MEDIUM]
15:57:06.280 [FXGL Background Thread 2 ] DEBUG Engine               - applicationMode: DEVELOPER
15:57:06.280 [FXGL Background Thread 2 ] DEBUG Engine               - isMac: false
15:57:06.280 [FXGL Background Thread 2 ] DEBUG Engine               - isMenuEnabled: false
15:57:06.280 [FXGL Background Thread 2 ] DEBUG Engine               - urlPOM: https://raw.githubusercontent.com/AlmasB/FXGL/master/pom.xml
15:57:06.280 [FXGL Background Thread 2 ] DEBUG Engine               - profileName: StringProperty [value: DEFAULT]
15:57:06.280 [FXGL Background Thread 2 ] DEBUG Engine               - notificationViewClass: class com.almasb.fxgl.notification.view.XboxNotificationView
15:57:06.281 [FXGL Background Thread 2 ] DEBUG Engine               - devSensorColorProperty: ObjectProperty [value: 0xffff00ff]
15:57:06.281 [FXGL Background Thread 2 ] DEBUG Engine               - sceneFactory: com.almasb.fxgl.app.scene.SceneFactory@55077e7f
15:57:06.281 [FXGL Background Thread 2 ] DEBUG Engine               - stageStyle: DECORATED
15:57:06.281 [FXGL Background Thread 2 ] DEBUG Engine               - isManualResizeEnabled: false
15:57:06.281 [FXGL Background Thread 2 ] DEBUG Engine               - title: YTAC Flappy Bird Project
15:57:06.281 [FXGL Background Thread 2 ] DEBUG Engine               - platform: WINDOWS
15:57:06.281 [FXGL Background Thread 2 ] DEBUG Engine               - devBBoxColorProperty: ObjectProperty [value: 0xff0000ff]
15:57:06.281 [FXGL Background Thread 2 ] DEBUG Engine               - gameDifficulty: MEDIUM
15:57:06.281 [FXGL Background Thread 2 ] DEBUG Engine               - isDesktop: true
15:57:06.281 [FXGL Background Thread 2 ] DEBUG Engine               - supportedLanguages: [ENGLISH, FRENCH, GERMAN, HUNGARIAN, RUSSIAN]
15:57:06.281 [FXGL Background Thread 2 ] DEBUG Engine               - credits: []
15:57:06.282 [FXGL Background Thread 2 ] DEBUG Engine               - globalMusicVolumeProperty: DoubleProperty [value: 0.5]
15:57:06.282 [FXGL Background Thread 2 ] DEBUG Engine               - isPreserveResizeRatio: false
15:57:06.282 [FXGL Background Thread 2 ] DEBUG Engine               - fontText: Courier-Prime.ttf
15:57:06.282 [FXGL Background Thread 2 ] DEBUG Engine               - isExperimentalTiledLargeMap: false
15:57:06.282 [FXGL Background Thread 2 ] DEBUG Engine               - secondsIn24h: 60
15:57:06.282 [FXGL Background Thread 2 ] DEBUG Engine               - runtimeInfo: RuntimeInfo(platform=WINDOWS, version=11.8, build=08.03.2020 09.09)
15:57:06.282 [FXGL Background Thread 2 ] DEBUG Engine               - isLinux: false
15:57:06.282 [FXGL Background Thread 2 ] DEBUG Engine               - soundMenuPress: menu/press.wav
15:57:06.282 [FXGL Background Thread 2 ] DEBUG Engine               - urlGithub: https://github.com/AlmasB/FXGL
15:57:06.282 [FXGL Background Thread 2 ] DEBUG Engine               - profileDir: profiles/
15:57:06.282 [FXGL Background Thread 2 ] DEBUG Engine               - isDeveloperMenuEnabled: false
15:57:06.282 [FXGL Background Thread 2 ] DEBUG Engine               - globalSoundVolumeProperty: DoubleProperty [value: 0.5]
15:57:06.282 [FXGL Background Thread 2 ] DEBUG Engine               - mainWindow: com.almasb.fxgl.app.MainWindow@5138e007
15:57:06.282 [FXGL Background Thread 2 ] DEBUG Engine               - isBrowser: false
15:57:06.282 [FXGL Background Thread 2 ] DEBUG Engine               - urlLeaderboard: http://fxgl-top.herokuapp.com/
15:57:06.283 [FXGL Background Thread 2 ] DEBUG Engine               - globalSoundVolume: 0.5
15:57:06.283 [FXGL Background Thread 2 ] DEBUG Engine               - engineServices: [class com.almasb.fxgl.app.GameApplication$GameApplicationService, class com.almasb.fxgl.app.services.WindowService, class com.almasb.fxgl.app.services.FXGLDialogService, class com.almasb.fxgl.app.services.IOTaskExecutorService, class com.almasb.fxgl.event.EventBusService, class com.almasb.fxgl.io.FileSystemService, class com.almasb.fxgl.localization.LocalizationService, class com.almasb.fxgl.app.services.AssetLoaderService, class com.almasb.fxgl.app.services.SystemBundleService, class com.almasb.fxgl.profile.SaveLoadService, class com.almasb.fxgl.ui.FXGLUIFactoryServiceProvider, class com.almasb.fxgl.ui.FXGLDialogFactoryServiceProvider, class com.almasb.fxgl.audio.AudioPlayer, class com.almasb.fxgl.notification.impl.NotificationServiceProvider, class com.almasb.fxgl.achievement.AchievementService, class com.almasb.fxgl.cutscene.CutsceneService, class com.almasb.fxgl.minigames.MiniGameService, class com.almasb.fxgl.net.NetService, class com.almasb.fxgl.app.services.UpdaterService]
15:57:06.283 [FXGL Background Thread 2 ] DEBUG Engine               - globalMusicVolume: 0.5
15:57:06.283 [FXGL Background Thread 2 ] DEBUG Engine               - width: 1920
15:57:06.283 [FXGL Background Thread 2 ] DEBUG Engine               - saveFileExt: sav
15:57:06.283 [FXGL Background Thread 2 ] DEBUG Engine               - isAndroid: false
15:57:06.283 [FXGL Background Thread 2 ] DEBUG Engine               - fontUI: VarelaRound-Regular.ttf
15:57:06.283 [FXGL Background Thread 2 ] DEBUG Engine               - enabledMenuItems: []
15:57:06.283 [FXGL Background Thread 2 ] DEBUG Engine               - isIOS: false
15:57:06.283 [FXGL Background Thread 2 ] DEBUG Engine               - Logging services
15:57:06.283 [FXGL Background Thread 2 ] DEBUG Engine               - class com.almasb.fxgl.app.GameApplication$GameApplicationService
15:57:06.283 [FXGL Background Thread 2 ] DEBUG Engine               - class com.almasb.fxgl.app.services.WindowService
15:57:06.283 [FXGL Background Thread 2 ] DEBUG Engine               - class com.almasb.fxgl.app.services.FXGLDialogService
15:57:06.283 [FXGL Background Thread 2 ] DEBUG Engine               - class com.almasb.fxgl.app.services.IOTaskExecutorService
15:57:06.283 [FXGL Background Thread 2 ] DEBUG Engine               - class com.almasb.fxgl.event.EventBusService
15:57:06.283 [FXGL Background Thread 2 ] DEBUG Engine               - class com.almasb.fxgl.io.FileSystemService
15:57:06.283 [FXGL Background Thread 2 ] DEBUG Engine               - class com.almasb.fxgl.localization.LocalizationService
15:57:06.283 [FXGL Background Thread 2 ] DEBUG Engine               - class com.almasb.fxgl.app.services.AssetLoaderService
15:57:06.283 [FXGL Background Thread 2 ] DEBUG Engine               - class com.almasb.fxgl.app.services.SystemBundleService
15:57:06.284 [FXGL Background Thread 2 ] DEBUG Engine               - class com.almasb.fxgl.profile.SaveLoadService
15:57:06.284 [FXGL Background Thread 2 ] DEBUG Engine               - class com.almasb.fxgl.ui.FXGLUIFactoryServiceProvider
15:57:06.284 [FXGL Background Thread 2 ] DEBUG Engine               - class com.almasb.fxgl.ui.FXGLDialogFactoryServiceProvider
15:57:06.284 [FXGL Background Thread 2 ] DEBUG Engine               - class com.almasb.fxgl.audio.AudioPlayer
15:57:06.284 [FXGL Background Thread 2 ] DEBUG Engine               - class com.almasb.fxgl.notification.impl.NotificationServiceProvider
15:57:06.284 [FXGL Background Thread 2 ] DEBUG Engine               - class com.almasb.fxgl.achievement.AchievementService
15:57:06.284 [FXGL Background Thread 2 ] DEBUG Engine               - class com.almasb.fxgl.cutscene.CutsceneService
15:57:06.284 [FXGL Background Thread 2 ] DEBUG Engine               - class com.almasb.fxgl.minigames.MiniGameService
15:57:06.284 [FXGL Background Thread 2 ] DEBUG Engine               - class com.almasb.fxgl.net.NetService
15:57:06.284 [FXGL Background Thread 2 ] DEBUG Engine               - class com.almasb.fxgl.app.services.UpdaterService
15:57:11.311 [FXGL Background Thread 1 ] DEBUG AssetLoaderService   - Loading from file system: /assets/ui/fonts/Abel-Regular.ttf
15:57:11.319 [FXGL Background Thread 1 ] DEBUG AssetLoaderService   - Loading from file system: /assets/ui/fonts/lucida_console.ttf
15:57:11.330 [FXGL Background Thread 1 ] DEBUG AssetLoaderService   - Loading from file system: /assets/ui/fonts/Courier-Prime.ttf
15:57:11.339 [JavaFX Application Thread] DEBUG Input                - Registered new binding: Jump - Space
15:57:11.339 [JavaFX Application Thread] DEBUG AssetLoaderService   - Loading from file system: /assets/textures/fxgl_icon.png
15:57:11.358 [JavaFX Application Thread] DEBUG AssetLoaderService   - Loading from file system: /assets/ui/cursors/fxgl_default.png
15:57:11.360 [JavaFX Application Thread] DEBUG Input                - Registered new binding: Screenshot - P
15:57:11.361 [JavaFX Application Thread] DEBUG Input                - Registered new binding: System info dump - CTRL+9
15:57:11.361 [JavaFX Application Thread] DEBUG Input                - Registered new binding: Restart - CTRL+R
15:57:11.361 [JavaFX Application Thread] DEBUG LoopRunner           - Starting loop
15:57:11.366 [JavaFX Application Thread] DEBUG FXGLStartupScene     - STARTUP
15:57:11.366 [JavaFX Application Thread] DEBUG WindowService        - Starting new game
15:57:11.368 [JavaFX Application Thread] DEBUG Input                - Clearing active input actions
15:57:11.375 [JavaFX Application Thread] DEBUG WindowService        - Removing overlay from FXGLStartupScene and adding to FXGLLoadingScene
15:57:11.376 [JavaFX Application Thread] DEBUG MainWindow           - FXGLStartupScene -> FXGLLoadingScene
15:57:11.376 [JavaFX Application Thread] DEBUG WindowService        - Clearing previous game
15:57:11.376 [JavaFX Application Thread] DEBUG GameScene            - Clearing game scene
15:57:11.376 [JavaFX Application Thread] DEBUG GameWorld            - Clearing game world
15:57:11.376 [JavaFX Application Thread] DEBUG PhysicsWorld         - Clearing physics world
15:57:11.377 [FXGL Background Thread 1 ] DEBUG GameApplication      - Initializing game
15:57:11.378 [FXGL Background Thread 1 ] DEBUG AssetLoaderService   - Loading from file system: /assets/music/bgm.mp3
15:57:11.510 [FXGL Background Thread 1 ] DEBUG AudioPlayer          - Playing music com.almasb.fxgl.audio.Music@114bb336
15:57:11.515 [FXGL Background Thread 1 ] DEBUG AssetLoaderService   - Loading from file system: /assets/textures/bird.png
15:57:11.533 [FXGL Background Thread 1 ] INFO  GameApplication      - Game initialization took: 0.156 sec
15:57:11.546 [JavaFX Application Thread] DEBUG Input                - Clearing active input actions
15:57:11.556 [JavaFX Application Thread] DEBUG WindowService        - Removing overlay from FXGLLoadingScene and adding to GameScene
15:57:11.556 [JavaFX Application Thread] DEBUG MainWindow           - FXGLLoadingScene -> GameScene
15:57:12.386 [JavaFX Application Thread] DEBUG Input                - Mocking key press: Space
15:57:12.387 [JavaFX Application Thread] DEBUG AssetLoaderService   - Loading from file system: /assets/sounds/jump.wav
15:57:12.460 [JavaFX Application Thread] DEBUG Input                - Mocking key release: Space
15:57:12.708 [JavaFX Application Thread] DEBUG Input                - Mocking key press: Space
15:57:12.708 [JavaFX Application Thread] DEBUG AssetLoaderService   - Loading from cache: /assets/sounds/jump.wav
15:57:12.784 [JavaFX Application Thread] DEBUG Input                - Mocking key release: Space
15:57:13.256 [JavaFX Application Thread] DEBUG Input                - Mocking key press: Space
15:57:13.256 [JavaFX Application Thread] DEBUG AssetLoaderService   - Loading from cache: /assets/sounds/jump.wav
15:57:13.342 [JavaFX Application Thread] DEBUG Input                - Mocking key release: Space
15:57:13.637 [JavaFX Application Thread] DEBUG Input                - Mocking key press: Space
15:57:13.637 [JavaFX Application Thread] DEBUG AssetLoaderService   - Loading from cache: /assets/sounds/jump.wav
15:57:13.725 [JavaFX Application Thread] DEBUG Input                - Mocking key release: Space
15:57:13.838 [JavaFX Application Thread] DEBUG Input                - Mocking key press: Space
15:57:13.838 [JavaFX Application Thread] DEBUG AssetLoaderService   - Loading from cache: /assets/sounds/jump.wav
15:57:13.931 [JavaFX Application Thread] DEBUG Input                - Mocking key release: Space
15:57:14.706 [JavaFX Application Thread] DEBUG WindowService        - Starting new game
15:57:14.706 [JavaFX Application Thread] DEBUG Input                - Clearing active input actions
15:57:14.712 [JavaFX Application Thread] DEBUG WindowService        - Removing overlay from GameScene and adding to FXGLLoadingScene
15:57:14.712 [JavaFX Application Thread] DEBUG MainWindow           - GameScene -> FXGLLoadingScene
15:57:14.712 [JavaFX Application Thread] DEBUG WindowService        - Clearing previous game
15:57:14.713 [JavaFX Application Thread] DEBUG GameScene            - Clearing game scene
15:57:14.713 [JavaFX Application Thread] DEBUG GameWorld            - Clearing game world
15:57:14.716 [JavaFX Application Thread] DEBUG PhysicsWorld         - Clearing physics world
15:57:14.716 [FXGL Background Thread 1 ] DEBUG GameApplication      - Initializing game
15:57:14.717 [FXGL Background Thread 1 ] DEBUG AssetLoaderService   - Loading from cache: /assets/textures/bird.png
15:57:14.718 [FXGL Background Thread 1 ] INFO  GameApplication      - Game initialization took: 0.002 sec
15:57:14.719 [JavaFX Application Thread] DEBUG Input                - Clearing active input actions
15:57:14.725 [JavaFX Application Thread] DEBUG WindowService        - Removing overlay from FXGLLoadingScene and adding to GameScene
15:57:14.725 [JavaFX Application Thread] DEBUG MainWindow           - FXGLLoadingScene -> GameScene
15:57:16.109 [JavaFX Application Thread] DEBUG WindowService        - Starting new game
15:57:16.109 [JavaFX Application Thread] DEBUG Input                - Clearing active input actions
15:57:16.113 [JavaFX Application Thread] DEBUG WindowService        - Removing overlay from GameScene and adding to FXGLLoadingScene
15:57:16.113 [JavaFX Application Thread] DEBUG MainWindow           - GameScene -> FXGLLoadingScene
15:57:16.113 [JavaFX Application Thread] DEBUG WindowService        - Clearing previous game
15:57:16.113 [JavaFX Application Thread] DEBUG GameScene            - Clearing game scene
15:57:16.113 [JavaFX Application Thread] DEBUG GameWorld            - Clearing game world
15:57:16.114 [JavaFX Application Thread] DEBUG PhysicsWorld         - Clearing physics world
15:57:16.114 [FXGL Background Thread 1 ] DEBUG GameApplication      - Initializing game
15:57:16.115 [FXGL Background Thread 1 ] DEBUG AssetLoaderService   - Loading from cache: /assets/textures/bird.png
15:57:16.116 [FXGL Background Thread 1 ] INFO  GameApplication      - Game initialization took: 0.001 sec
15:57:16.116 [JavaFX Application Thread] DEBUG Input                - Clearing active input actions
15:57:16.119 [JavaFX Application Thread] DEBUG WindowService        - Removing overlay from FXGLLoadingScene and adding to GameScene
15:57:16.119 [JavaFX Application Thread] DEBUG MainWindow           - FXGLLoadingScene -> GameScene
15:57:17.491 [JavaFX Application Thread] DEBUG WindowService        - Starting new game
15:57:17.491 [JavaFX Application Thread] DEBUG Input                - Clearing active input actions
15:57:17.494 [JavaFX Application Thread] DEBUG WindowService        - Removing overlay from GameScene and adding to FXGLLoadingScene
15:57:17.494 [JavaFX Application Thread] DEBUG MainWindow           - GameScene -> FXGLLoadingScene
15:57:17.494 [JavaFX Application Thread] DEBUG WindowService        - Clearing previous game
15:57:17.494 [JavaFX Application Thread] DEBUG GameScene            - Clearing game scene
15:57:17.494 [JavaFX Application Thread] DEBUG GameWorld            - Clearing game world
15:57:17.495 [JavaFX Application Thread] DEBUG PhysicsWorld         - Clearing physics world
15:57:17.495 [FXGL Background Thread 1 ] DEBUG GameApplication      - Initializing game
15:57:17.496 [FXGL Background Thread 1 ] DEBUG AssetLoaderService   - Loading from cache: /assets/textures/bird.png
15:57:17.496 [FXGL Background Thread 1 ] INFO  GameApplication      - Game initialization took: 0.001 sec
15:57:17.497 [JavaFX Application Thread] DEBUG Input                - Clearing active input actions
15:57:17.500 [JavaFX Application Thread] DEBUG WindowService        - Removing overlay from FXGLLoadingScene and adding to GameScene
15:57:17.500 [JavaFX Application Thread] DEBUG MainWindow           - FXGLLoadingScene -> GameScene
15:57:18.867 [JavaFX Application Thread] DEBUG WindowService        - Starting new game
15:57:18.867 [JavaFX Application Thread] DEBUG Input                - Clearing active input actions
15:57:18.869 [JavaFX Application Thread] DEBUG WindowService        - Removing overlay from GameScene and adding to FXGLLoadingScene
15:57:18.869 [JavaFX Application Thread] DEBUG MainWindow           - GameScene -> FXGLLoadingScene
15:57:18.869 [JavaFX Application Thread] DEBUG WindowService        - Clearing previous game
15:57:18.869 [JavaFX Application Thread] DEBUG GameScene            - Clearing game scene
15:57:18.869 [JavaFX Application Thread] DEBUG GameWorld            - Clearing game world
15:57:18.870 [JavaFX Application Thread] DEBUG PhysicsWorld         - Clearing physics world
15:57:18.870 [FXGL Background Thread 1 ] DEBUG GameApplication      - Initializing game
15:57:18.871 [FXGL Background Thread 1 ] DEBUG AssetLoaderService   - Loading from cache: /assets/textures/bird.png
15:57:18.871 [FXGL Background Thread 1 ] INFO  GameApplication      - Game initialization took: 0.001 sec
15:57:18.873 [JavaFX Application Thread] DEBUG Input                - Clearing active input actions
15:57:18.875 [JavaFX Application Thread] DEBUG WindowService        - Removing overlay from FXGLLoadingScene and adding to GameScene
15:57:18.876 [JavaFX Application Thread] DEBUG MainWindow           - FXGLLoadingScene -> GameScene
15:57:20.255 [JavaFX Application Thread] DEBUG WindowService        - Starting new game
15:57:20.255 [JavaFX Application Thread] DEBUG Input                - Clearing active input actions
15:57:20.258 [JavaFX Application Thread] DEBUG WindowService        - Removing overlay from GameScene and adding to FXGLLoadingScene
15:57:20.258 [JavaFX Application Thread] DEBUG MainWindow           - GameScene -> FXGLLoadingScene
15:57:20.258 [JavaFX Application Thread] DEBUG WindowService        - Clearing previous game
15:57:20.258 [JavaFX Application Thread] DEBUG GameScene            - Clearing game scene
15:57:20.258 [JavaFX Application Thread] DEBUG GameWorld            - Clearing game world
15:57:20.258 [JavaFX Application Thread] DEBUG PhysicsWorld         - Clearing physics world
15:57:20.258 [FXGL Background Thread 1 ] DEBUG GameApplication      - Initializing game
15:57:20.259 [FXGL Background Thread 1 ] DEBUG AssetLoaderService   - Loading from cache: /assets/textures/bird.png
15:57:20.259 [FXGL Background Thread 1 ] INFO  GameApplication      - Game initialization took: 0.001 sec
15:57:20.260 [JavaFX Application Thread] DEBUG Input                - Clearing active input actions
15:57:20.262 [JavaFX Application Thread] DEBUG WindowService        - Removing overlay from FXGLLoadingScene and adding to GameScene
15:57:20.262 [JavaFX Application Thread] DEBUG MainWindow           - FXGLLoadingScene -> GameScene
15:57:21.651 [JavaFX Application Thread] DEBUG WindowService        - Starting new game
15:57:21.651 [JavaFX Application Thread] DEBUG Input                - Clearing active input actions
15:57:21.653 [JavaFX Application Thread] DEBUG WindowService        - Removing overlay from GameScene and adding to FXGLLoadingScene
15:57:21.653 [JavaFX Application Thread] DEBUG MainWindow           - GameScene -> FXGLLoadingScene
15:57:21.653 [JavaFX Application Thread] DEBUG WindowService        - Clearing previous game
15:57:21.653 [JavaFX Application Thread] DEBUG GameScene            - Clearing game scene
15:57:21.653 [JavaFX Application Thread] DEBUG GameWorld            - Clearing game world
15:57:21.654 [JavaFX Application Thread] DEBUG PhysicsWorld         - Clearing physics world
15:57:21.654 [FXGL Background Thread 1 ] DEBUG GameApplication      - Initializing game
15:57:21.655 [FXGL Background Thread 1 ] DEBUG AssetLoaderService   - Loading from cache: /assets/textures/bird.png
15:57:21.655 [FXGL Background Thread 1 ] INFO  GameApplication      - Game initialization took: 0.001 sec
15:57:21.656 [JavaFX Application Thread] DEBUG Input                - Clearing active input actions
15:57:21.658 [JavaFX Application Thread] DEBUG WindowService        - Removing overlay from FXGLLoadingScene and adding to GameScene
15:57:21.658 [JavaFX Application Thread] DEBUG MainWindow           - FXGLLoadingScene -> GameScene
15:57:22.647 [JavaFX Application Thread] DEBUG Input                - Mocking key press: Space
15:57:22.647 [JavaFX Application Thread] DEBUG AssetLoaderService   - Loading from cache: /assets/sounds/jump.wav
15:57:22.752 [JavaFX Application Thread] DEBUG Input                - Mocking key release: Space
15:57:22.911 [JavaFX Application Thread] DEBUG Input                - Mocking key press: Space
15:57:22.911 [JavaFX Application Thread] DEBUG AssetLoaderService   - Loading from cache: /assets/sounds/jump.wav
15:57:23.026 [JavaFX Application Thread] DEBUG Input                - Mocking key release: Space
15:57:23.106 [JavaFX Application Thread] DEBUG Input                - Mocking key press: Space
15:57:23.106 [JavaFX Application Thread] DEBUG AssetLoaderService   - Loading from cache: /assets/sounds/jump.wav
15:57:23.152 [JavaFX Application Thread] DEBUG WindowService        - Starting new game
15:57:23.152 [JavaFX Application Thread] DEBUG Input                - Clearing active input actions
15:57:23.154 [JavaFX Application Thread] DEBUG WindowService        - Removing overlay from GameScene and adding to FXGLLoadingScene
15:57:23.155 [JavaFX Application Thread] DEBUG MainWindow           - GameScene -> FXGLLoadingScene
15:57:23.155 [JavaFX Application Thread] DEBUG WindowService        - Clearing previous game
15:57:23.155 [JavaFX Application Thread] DEBUG GameScene            - Clearing game scene
15:57:23.155 [JavaFX Application Thread] DEBUG GameWorld            - Clearing game world
15:57:23.155 [JavaFX Application Thread] DEBUG PhysicsWorld         - Clearing physics world
15:57:23.155 [FXGL Background Thread 1 ] DEBUG GameApplication      - Initializing game
15:57:23.156 [FXGL Background Thread 1 ] DEBUG AssetLoaderService   - Loading from cache: /assets/textures/bird.png
15:57:23.157 [FXGL Background Thread 1 ] INFO  GameApplication      - Game initialization took: 0.001 sec
15:57:23.157 [JavaFX Application Thread] DEBUG Input                - Clearing active input actions
15:57:23.159 [JavaFX Application Thread] DEBUG WindowService        - Removing overlay from FXGLLoadingScene and adding to GameScene
15:57:23.159 [JavaFX Application Thread] DEBUG MainWindow           - FXGLLoadingScene -> GameScene
15:57:23.202 [JavaFX Application Thread] DEBUG Input                - Mocking key release: Space
15:57:23.581 [JavaFX Application Thread] DEBUG Input                - Mocking key press: Space
15:57:23.581 [JavaFX Application Thread] DEBUG AssetLoaderService   - Loading from cache: /assets/sounds/jump.wav
15:57:23.647 [JavaFX Application Thread] DEBUG Input                - Mocking key release: Space
15:57:24.278 [JavaFX Application Thread] DEBUG Input                - Mocking key press: Space
15:57:24.278 [JavaFX Application Thread] DEBUG AssetLoaderService   - Loading from cache: /assets/sounds/jump.wav
15:57:24.363 [JavaFX Application Thread] DEBUG Input                - Mocking key release: Space
15:57:24.461 [JavaFX Application Thread] DEBUG Input                - Mocking key press: Space
15:57:24.461 [JavaFX Application Thread] DEBUG AssetLoaderService   - Loading from cache: /assets/sounds/jump.wav
15:57:24.551 [JavaFX Application Thread] DEBUG Input                - Mocking key release: Space
15:57:24.868 [JavaFX Application Thread] DEBUG Input                - Mocking key press: Space
15:57:24.868 [JavaFX Application Thread] DEBUG AssetLoaderService   - Loading from cache: /assets/sounds/jump.wav
15:57:24.968 [JavaFX Application Thread] DEBUG Input                - Mocking key release: Space
15:57:25.372 [JavaFX Application Thread] DEBUG Input                - Mocking key press: Space
15:57:25.372 [JavaFX Application Thread] DEBUG AssetLoaderService   - Loading from cache: /assets/sounds/jump.wav
15:57:25.455 [JavaFX Application Thread] DEBUG Input                - Mocking key release: Space
15:57:25.857 [JavaFX Application Thread] DEBUG Input                - Mocking key press: Space
15:57:25.857 [JavaFX Application Thread] DEBUG AssetLoaderService   - Loading from cache: /assets/sounds/jump.wav
15:57:25.952 [JavaFX Application Thread] DEBUG Input                - Mocking key release: Space
15:57:26.306 [JavaFX Application Thread] DEBUG Input                - Mocking key press: Space
15:57:26.306 [JavaFX Application Thread] DEBUG AssetLoaderService   - Loading from cache: /assets/sounds/jump.wav
15:57:26.380 [JavaFX Application Thread] DEBUG Input                - Mocking key release: Space
15:57:26.499 [JavaFX Application Thread] DEBUG Input                - Mocking key press: Space
15:57:26.499 [JavaFX Application Thread] DEBUG AssetLoaderService   - Loading from cache: /assets/sounds/jump.wav
15:57:26.602 [JavaFX Application Thread] DEBUG Input                - Mocking key release: Space
15:57:27.018 [JavaFX Application Thread] DEBUG Input                - Mocking key press: Space
15:57:27.018 [JavaFX Application Thread] DEBUG AssetLoaderService   - Loading from cache: /assets/sounds/jump.wav
15:57:27.134 [JavaFX Application Thread] DEBUG Input                - Mocking key release: Space
15:57:27.458 [JavaFX Application Thread] DEBUG Input                - Mocking key press: Space
15:57:27.458 [JavaFX Application Thread] DEBUG AssetLoaderService   - Loading from cache: /assets/sounds/jump.wav
15:57:27.562 [JavaFX Application Thread] DEBUG Input                - Mocking key release: Space
15:57:27.823 [JavaFX Application Thread] DEBUG Input                - Mocking key press: Space
15:57:27.823 [JavaFX Application Thread] DEBUG AssetLoaderService   - Loading from cache: /assets/sounds/jump.wav
15:57:27.934 [JavaFX Application Thread] DEBUG Input                - Mocking key release: Space
15:57:28.316 [JavaFX Application Thread] DEBUG Input                - Mocking key press: Space
15:57:28.316 [JavaFX Application Thread] DEBUG AssetLoaderService   - Loading from cache: /assets/sounds/jump.wav
15:57:28.416 [JavaFX Application Thread] DEBUG Input                - Mocking key release: Space
15:57:28.808 [JavaFX Application Thread] DEBUG Input                - Mocking key press: Space
15:57:28.808 [JavaFX Application Thread] DEBUG AssetLoaderService   - Loading from cache: /assets/sounds/jump.wav
15:57:28.908 [JavaFX Application Thread] DEBUG Input                - Mocking key release: Space
15:57:29.307 [JavaFX Application Thread] DEBUG Input                - Mocking key press: Space
15:57:29.307 [JavaFX Application Thread] DEBUG AssetLoaderService   - Loading from cache: /assets/sounds/jump.wav
15:57:29.407 [JavaFX Application Thread] DEBUG Input                - Mocking key release: Space
15:57:29.688 [JavaFX Application Thread] DEBUG Input                - Mocking key press: Space
15:57:29.688 [JavaFX Application Thread] DEBUG AssetLoaderService   - Loading from cache: /assets/sounds/jump.wav
15:57:29.772 [JavaFX Application Thread] DEBUG Input                - Mocking key release: Space
15:57:29.906 [JavaFX Application Thread] DEBUG Input                - Mocking key press: Space
15:57:29.906 [JavaFX Application Thread] DEBUG AssetLoaderService   - Loading from cache: /assets/sounds/jump.wav
15:57:29.988 [JavaFX Application Thread] DEBUG Input                - Mocking key release: Space
15:57:30.346 [JavaFX Application Thread] DEBUG Input                - Mocking key press: Space
15:57:30.346 [JavaFX Application Thread] DEBUG AssetLoaderService   - Loading from cache: /assets/sounds/jump.wav
15:57:30.437 [JavaFX Application Thread] DEBUG Input                - Mocking key release: Space
15:57:30.794 [JavaFX Application Thread] DEBUG Input                - Mocking key press: Space
15:57:30.794 [JavaFX Application Thread] DEBUG AssetLoaderService   - Loading from cache: /assets/sounds/jump.wav
15:57:30.889 [JavaFX Application Thread] DEBUG Input                - Mocking key release: Space
15:57:31.240 [JavaFX Application Thread] DEBUG Input                - Mocking key press: Space
15:57:31.240 [JavaFX Application Thread] DEBUG AssetLoaderService   - Loading from cache: /assets/sounds/jump.wav
15:57:31.368 [JavaFX Application Thread] DEBUG Input                - Mocking key release: Space
15:57:31.694 [JavaFX Application Thread] DEBUG Input                - Mocking key press: Space
15:57:31.695 [JavaFX Application Thread] DEBUG AssetLoaderService   - Loading from cache: /assets/sounds/jump.wav
15:57:31.785 [JavaFX Application Thread] DEBUG Input                - Mocking key release: Space
15:57:31.881 [JavaFX Application Thread] DEBUG Input                - Mocking key press: Space
15:57:31.881 [JavaFX Application Thread] DEBUG AssetLoaderService   - Loading from cache: /assets/sounds/jump.wav
15:57:31.944 [JavaFX Application Thread] DEBUG Input                - Mocking key release: Space
15:57:32.181 [JavaFX Application Thread] DEBUG Input                - Mocking key press: Space
15:57:32.182 [JavaFX Application Thread] DEBUG AssetLoaderService   - Loading from cache: /assets/sounds/jump.wav
15:57:32.281 [JavaFX Application Thread] DEBUG Input                - Mocking key release: Space
15:57:32.566 [JavaFX Application Thread] DEBUG Input                - Mocking key press: Space
15:57:32.566 [JavaFX Application Thread] DEBUG AssetLoaderService   - Loading from cache: /assets/sounds/jump.wav
15:57:32.641 [JavaFX Application Thread] DEBUG Input                - Mocking key release: Space
15:57:33.278 [JavaFX Application Thread] DEBUG Input                - Mocking key press: Space
15:57:33.278 [JavaFX Application Thread] DEBUG AssetLoaderService   - Loading from cache: /assets/sounds/jump.wav
15:57:33.362 [JavaFX Application Thread] DEBUG Input                - Mocking key release: Space
15:57:33.745 [JavaFX Application Thread] DEBUG Input                - Mocking key press: Space
15:57:33.745 [JavaFX Application Thread] DEBUG AssetLoaderService   - Loading from cache: /assets/sounds/jump.wav
15:57:33.817 [JavaFX Application Thread] DEBUG Input                - Mocking key release: Space
15:57:33.922 [JavaFX Application Thread] DEBUG Input                - Mocking key press: Space
15:57:33.922 [JavaFX Application Thread] DEBUG AssetLoaderService   - Loading from cache: /assets/sounds/jump.wav
15:57:34.000 [JavaFX Application Thread] DEBUG Input                - Mocking key release: Space
15:57:34.178 [JavaFX Application Thread] DEBUG Input                - Mocking key press: Space
15:57:34.178 [JavaFX Application Thread] DEBUG AssetLoaderService   - Loading from cache: /assets/sounds/jump.wav
15:57:34.287 [JavaFX Application Thread] DEBUG Input                - Mocking key release: Space
15:57:34.793 [JavaFX Application Thread] DEBUG Input                - Mocking key press: Space
15:57:34.793 [JavaFX Application Thread] DEBUG AssetLoaderService   - Loading from cache: /assets/sounds/jump.wav
15:57:34.889 [JavaFX Application Thread] DEBUG Input                - Mocking key release: Space
15:57:35.192 [JavaFX Application Thread] DEBUG Input                - Mocking key press: Space
15:57:35.192 [JavaFX Application Thread] DEBUG AssetLoaderService   - Loading from cache: /assets/sounds/jump.wav
15:57:35.282 [JavaFX Application Thread] DEBUG Input                - Mocking key release: Space
15:57:35.383 [JavaFX Application Thread] DEBUG Input                - Mocking key press: Space
15:57:35.383 [JavaFX Application Thread] DEBUG AssetLoaderService   - Loading from cache: /assets/sounds/jump.wav
15:57:35.484 [JavaFX Application Thread] DEBUG Input                - Mocking key release: Space
15:57:35.954 [JavaFX Application Thread] DEBUG Input                - Mocking key press: Space
15:57:35.954 [JavaFX Application Thread] DEBUG AssetLoaderService   - Loading from cache: /assets/sounds/jump.wav
15:57:36.032 [JavaFX Application Thread] DEBUG Input                - Mocking key release: Space
15:57:36.151 [JavaFX Application Thread] DEBUG Input                - Mocking key press: Space
15:57:36.151 [JavaFX Application Thread] DEBUG AssetLoaderService   - Loading from cache: /assets/sounds/jump.wav
15:57:36.216 [JavaFX Application Thread] DEBUG Input                - Mocking key release: Space
15:57:36.491 [JavaFX Application Thread] DEBUG Input                - Mocking key press: Space
15:57:36.491 [JavaFX Application Thread] DEBUG AssetLoaderService   - Loading from cache: /assets/sounds/jump.wav
15:57:36.575 [JavaFX Application Thread] DEBUG Input                - Mocking key release: Space
15:57:36.661 [JavaFX Application Thread] DEBUG Input                - Mocking key press: Space
15:57:36.661 [JavaFX Application Thread] DEBUG AssetLoaderService   - Loading from cache: /assets/sounds/jump.wav
15:57:36.752 [JavaFX Application Thread] DEBUG Input                - Mocking key release: Space
15:57:37.119 [JavaFX Application Thread] DEBUG Input                - Mocking key press: Space
15:57:37.119 [JavaFX Application Thread] DEBUG AssetLoaderService   - Loading from cache: /assets/sounds/jump.wav
15:57:37.188 [JavaFX Application Thread] DEBUG Input                - Mocking key release: Space
15:57:37.411 [JavaFX Application Thread] DEBUG WindowService        - Starting new game
15:57:37.411 [JavaFX Application Thread] DEBUG Input                - Clearing active input actions
15:57:37.415 [JavaFX Application Thread] DEBUG WindowService        - Removing overlay from GameScene and adding to FXGLLoadingScene
15:57:37.416 [JavaFX Application Thread] DEBUG MainWindow           - GameScene -> FXGLLoadingScene
15:57:37.416 [JavaFX Application Thread] DEBUG WindowService        - Clearing previous game
15:57:37.416 [JavaFX Application Thread] DEBUG GameScene            - Clearing game scene
15:57:37.416 [JavaFX Application Thread] DEBUG GameWorld            - Clearing game world
15:57:37.418 [JavaFX Application Thread] DEBUG PhysicsWorld         - Clearing physics world
15:57:37.419 [FXGL Background Thread 1 ] DEBUG GameApplication      - Initializing game
15:57:37.419 [FXGL Background Thread 1 ] DEBUG AssetLoaderService   - Loading from cache: /assets/textures/bird.png
15:57:37.420 [FXGL Background Thread 1 ] INFO  GameApplication      - Game initialization took: 0.001 sec
15:57:37.420 [JavaFX Application Thread] DEBUG Input                - Clearing active input actions
15:57:37.422 [JavaFX Application Thread] DEBUG WindowService        - Removing overlay from FXGLLoadingScene and adding to GameScene
15:57:37.423 [JavaFX Application Thread] DEBUG MainWindow           - FXGLLoadingScene -> GameScene
15:57:37.973 [JavaFX Application Thread] DEBUG Input                - Mocking key press: Space
15:57:37.974 [JavaFX Application Thread] DEBUG AssetLoaderService   - Loading from cache: /assets/sounds/jump.wav
15:57:38.039 [JavaFX Application Thread] DEBUG Input                - Mocking key release: Space
15:57:38.749 [JavaFX Application Thread] DEBUG Input                - Mocking key press: Space
15:57:38.749 [JavaFX Application Thread] DEBUG AssetLoaderService   - Loading from cache: /assets/sounds/jump.wav
15:57:38.829 [JavaFX Application Thread] DEBUG Input                - Mocking key release: Space
15:57:39.101 [JavaFX Application Thread] DEBUG Input                - Mocking key press: Space
15:57:39.101 [JavaFX Application Thread] DEBUG AssetLoaderService   - Loading from cache: /assets/sounds/jump.wav
15:57:39.209 [JavaFX Application Thread] DEBUG Input                - Mocking key release: Space
15:57:39.306 [JavaFX Application Thread] DEBUG Input                - Mocking key press: Space
15:57:39.306 [JavaFX Application Thread] DEBUG AssetLoaderService   - Loading from cache: /assets/sounds/jump.wav
15:57:39.397 [JavaFX Application Thread] DEBUG Input                - Mocking key release: Space
15:57:39.764 [JavaFX Application Thread] DEBUG Input                - Mocking key press: Space
15:57:39.765 [JavaFX Application Thread] DEBUG AssetLoaderService   - Loading from cache: /assets/sounds/jump.wav
15:57:39.848 [JavaFX Application Thread] DEBUG Input                - Mocking key release: Space
15:57:40.193 [JavaFX Application Thread] DEBUG Input                - Mocking key press: Space
15:57:40.193 [JavaFX Application Thread] DEBUG AssetLoaderService   - Loading from cache: /assets/sounds/jump.wav
15:57:40.293 [JavaFX Application Thread] DEBUG Input                - Mocking key release: Space
15:57:40.385 [JavaFX Application Thread] DEBUG Input                - Mocking key press: Space
15:57:40.385 [JavaFX Application Thread] DEBUG AssetLoaderService   - Loading from cache: /assets/sounds/jump.wav
15:57:40.519 [JavaFX Application Thread] DEBUG Input                - Mocking key release: Space
15:57:40.845 [JavaFX Application Thread] DEBUG Input                - Mocking key press: Space
15:57:40.846 [JavaFX Application Thread] DEBUG AssetLoaderService   - Loading from cache: /assets/sounds/jump.wav
15:57:40.938 [JavaFX Application Thread] DEBUG Input                - Mocking key release: Space
15:57:41.064 [JavaFX Application Thread] DEBUG Input                - Mocking key press: Space
15:57:41.064 [JavaFX Application Thread] DEBUG AssetLoaderService   - Loading from cache: /assets/sounds/jump.wav
15:57:41.165 [JavaFX Application Thread] DEBUG Input                - Mocking key release: Space
15:57:41.619 [JavaFX Application Thread] DEBUG Input                - Mocking key press: Space
15:57:41.619 [JavaFX Application Thread] DEBUG AssetLoaderService   - Loading from cache: /assets/sounds/jump.wav
15:57:41.712 [JavaFX Application Thread] DEBUG Input                - Mocking key release: Space
15:57:42.072 [JavaFX Application Thread] DEBUG Input                - Mocking key press: Space
15:57:42.072 [JavaFX Application Thread] DEBUG AssetLoaderService   - Loading from cache: /assets/sounds/jump.wav
15:57:42.173 [JavaFX Application Thread] DEBUG Input                - Mocking key release: Space
15:57:42.283 [JavaFX Application Thread] DEBUG Input                - Mocking key press: Space
15:57:42.283 [JavaFX Application Thread] DEBUG AssetLoaderService   - Loading from cache: /assets/sounds/jump.wav
15:57:42.391 [JavaFX Application Thread] DEBUG Input                - Mocking key release: Space
15:57:42.933 [JavaFX Application Thread] DEBUG Input                - Mocking key press: Space
15:57:42.933 [JavaFX Application Thread] DEBUG AssetLoaderService   - Loading from cache: /assets/sounds/jump.wav
15:57:43.033 [JavaFX Application Thread] DEBUG Input                - Mocking key release: Space
15:57:43.223 [JavaFX Application Thread] DEBUG Input                - Mocking key press: Space
15:57:43.223 [JavaFX Application Thread] DEBUG AssetLoaderService   - Loading from cache: /assets/sounds/jump.wav
15:57:43.328 [JavaFX Application Thread] DEBUG Input                - Mocking key release: Space
15:57:43.467 [JavaFX Application Thread] DEBUG Input                - Mocking key press: Space
15:57:43.467 [JavaFX Application Thread] DEBUG AssetLoaderService   - Loading from cache: /assets/sounds/jump.wav
15:57:43.581 [JavaFX Application Thread] DEBUG Input                - Mocking key release: Space
15:57:43.888 [JavaFX Application Thread] DEBUG Input                - Mocking key press: Space
15:57:43.888 [JavaFX Application Thread] DEBUG AssetLoaderService   - Loading from cache: /assets/sounds/jump.wav
15:57:43.978 [JavaFX Application Thread] DEBUG Input                - Mocking key release: Space
15:57:44.234 [JavaFX Application Thread] DEBUG Input                - Mocking key press: Space
15:57:44.234 [JavaFX Application Thread] DEBUG AssetLoaderService   - Loading from cache: /assets/sounds/jump.wav
15:57:44.329 [JavaFX Application Thread] DEBUG Input                - Mocking key release: Space
15:57:44.914 [JavaFX Application Thread] DEBUG Input                - Mocking key press: Space
15:57:44.914 [JavaFX Application Thread] DEBUG AssetLoaderService   - Loading from cache: /assets/sounds/jump.wav
15:57:45.004 [JavaFX Application Thread] DEBUG Input                - Mocking key release: Space
15:57:45.432 [JavaFX Application Thread] DEBUG Input                - Mocking key press: Space
15:57:45.432 [JavaFX Application Thread] DEBUG AssetLoaderService   - Loading from cache: /assets/sounds/jump.wav
15:57:45.519 [JavaFX Application Thread] DEBUG Input                - Mocking key release: Space
15:57:45.617 [JavaFX Application Thread] DEBUG Input                - Mocking key press: Space
15:57:45.617 [JavaFX Application Thread] DEBUG AssetLoaderService   - Loading from cache: /assets/sounds/jump.wav
15:57:45.696 [JavaFX Application Thread] DEBUG Input                - Mocking key release: Space
15:57:46.013 [JavaFX Application Thread] DEBUG Input                - Mocking key press: Space
15:57:46.014 [JavaFX Application Thread] DEBUG AssetLoaderService   - Loading from cache: /assets/sounds/jump.wav
15:57:46.097 [JavaFX Application Thread] DEBUG Input                - Mocking key release: Space
15:57:46.391 [JavaFX Application Thread] DEBUG Input                - Mocking key press: Space
15:57:46.392 [JavaFX Application Thread] DEBUG AssetLoaderService   - Loading from cache: /assets/sounds/jump.wav
15:57:46.487 [JavaFX Application Thread] DEBUG Input                - Mocking key release: Space
15:57:46.601 [JavaFX Application Thread] DEBUG Input                - Mocking key press: Space
15:57:46.601 [JavaFX Application Thread] DEBUG AssetLoaderService   - Loading from cache: /assets/sounds/jump.wav
15:57:46.668 [JavaFX Application Thread] DEBUG Input                - Mocking key release: Space
15:57:46.953 [JavaFX Application Thread] DEBUG Input                - Mocking key press: Space
15:57:46.953 [JavaFX Application Thread] DEBUG AssetLoaderService   - Loading from cache: /assets/sounds/jump.wav
15:57:47.045 [JavaFX Application Thread] DEBUG Input                - Mocking key release: Space
15:57:47.532 [JavaFX Application Thread] DEBUG Input                - Mocking key press: Space
15:57:47.532 [JavaFX Application Thread] DEBUG AssetLoaderService   - Loading from cache: /assets/sounds/jump.wav
15:57:47.620 [JavaFX Application Thread] DEBUG Input                - Mocking key release: Space
15:57:47.760 [JavaFX Application Thread] DEBUG Input                - Mocking key press: Space
15:57:47.760 [JavaFX Application Thread] DEBUG AssetLoaderService   - Loading from cache: /assets/sounds/jump.wav
15:57:47.862 [JavaFX Application Thread] DEBUG Input                - Mocking key release: Space
15:57:48.260 [JavaFX Application Thread] DEBUG Input                - Mocking key press: Space
15:57:48.260 [JavaFX Application Thread] DEBUG AssetLoaderService   - Loading from cache: /assets/sounds/jump.wav
15:57:48.366 [JavaFX Application Thread] DEBUG Input                - Mocking key release: Space
15:57:48.444 [JavaFX Application Thread] DEBUG Input                - Mocking key press: Space
15:57:48.444 [JavaFX Application Thread] DEBUG AssetLoaderService   - Loading from cache: /assets/sounds/jump.wav
15:57:48.550 [JavaFX Application Thread] DEBUG Input                - Mocking key release: Space
15:57:48.801 [JavaFX Application Thread] DEBUG Input                - Mocking key press: Space
15:57:48.801 [JavaFX Application Thread] DEBUG AssetLoaderService   - Loading from cache: /assets/sounds/jump.wav
15:57:48.888 [JavaFX Application Thread] DEBUG Input                - Mocking key release: Space
15:57:49.384 [JavaFX Application Thread] DEBUG Input                - Mocking key press: Space
15:57:49.385 [JavaFX Application Thread] DEBUG AssetLoaderService   - Loading from cache: /assets/sounds/jump.wav
15:57:49.484 [JavaFX Application Thread] DEBUG Input                - Mocking key release: Space
15:57:49.683 [JavaFX Application Thread] DEBUG Input                - Mocking key press: Space
15:57:49.683 [JavaFX Application Thread] DEBUG AssetLoaderService   - Loading from cache: /assets/sounds/jump.wav
15:57:49.769 [JavaFX Application Thread] DEBUG Input                - Mocking key release: Space
15:57:50.322 [JavaFX Application Thread] DEBUG Input                - Mocking key press: Space
15:57:50.322 [JavaFX Application Thread] DEBUG AssetLoaderService   - Loading from cache: /assets/sounds/jump.wav
15:57:50.401 [JavaFX Application Thread] DEBUG Input                - Mocking key release: Space
15:57:50.648 [JavaFX Application Thread] DEBUG Input                - Mocking key press: Space
15:57:50.648 [JavaFX Application Thread] DEBUG AssetLoaderService   - Loading from cache: /assets/sounds/jump.wav
15:57:50.740 [JavaFX Application Thread] DEBUG Input                - Mocking key release: Space
15:57:51.078 [JavaFX Application Thread] DEBUG Input                - Mocking key press: Space
15:57:51.078 [JavaFX Application Thread] DEBUG AssetLoaderService   - Loading from cache: /assets/sounds/jump.wav
15:57:51.176 [JavaFX Application Thread] DEBUG Input                - Mocking key release: Space
15:57:51.378 [JavaFX Application Thread] DEBUG Input                - Mocking key press: Space
15:57:51.378 [JavaFX Application Thread] DEBUG AssetLoaderService   - Loading from cache: /assets/sounds/jump.wav
15:57:51.497 [JavaFX Application Thread] DEBUG Input                - Mocking key release: Space
15:57:51.802 [JavaFX Application Thread] DEBUG Input                - Mocking key press: Space
15:57:51.802 [JavaFX Application Thread] DEBUG AssetLoaderService   - Loading from cache: /assets/sounds/jump.wav
15:57:51.892 [JavaFX Application Thread] DEBUG Input                - Mocking key release: Space
15:57:52.040 [JavaFX Application Thread] DEBUG Input                - Mocking key press: Space
15:57:52.040 [JavaFX Application Thread] DEBUG AssetLoaderService   - Loading from cache: /assets/sounds/jump.wav
15:57:52.149 [JavaFX Application Thread] DEBUG Input                - Mocking key release: Space
15:57:52.494 [JavaFX Application Thread] DEBUG Input                - Mocking key press: Space
15:57:52.494 [JavaFX Application Thread] DEBUG AssetLoaderService   - Loading from cache: /assets/sounds/jump.wav
15:57:52.586 [JavaFX Application Thread] DEBUG Input                - Mocking key release: Space
15:57:52.934 [JavaFX Application Thread] DEBUG Input                - Mocking key press: Space
15:57:52.934 [JavaFX Application Thread] DEBUG AssetLoaderService   - Loading from cache: /assets/sounds/jump.wav
15:57:53.040 [JavaFX Application Thread] DEBUG Input                - Mocking key release: Space
15:57:53.253 [JavaFX Application Thread] DEBUG Input                - Mocking key press: Space
15:57:53.253 [JavaFX Application Thread] DEBUG AssetLoaderService   - Loading from cache: /assets/sounds/jump.wav
15:57:53.353 [JavaFX Application Thread] DEBUG Input                - Mocking key release: Space
15:57:53.897 [JavaFX Application Thread] DEBUG Input                - Mocking key press: Space
15:57:53.898 [JavaFX Application Thread] DEBUG AssetLoaderService   - Loading from cache: /assets/sounds/jump.wav
15:57:54.002 [JavaFX Application Thread] DEBUG Input                - Mocking key release: Space
15:57:54.435 [JavaFX Application Thread] DEBUG Input                - Mocking key press: Space
15:57:54.435 [JavaFX Application Thread] DEBUG AssetLoaderService   - Loading from cache: /assets/sounds/jump.wav
15:57:54.524 [JavaFX Application Thread] DEBUG Input                - Mocking key release: Space
15:57:54.636 [JavaFX Application Thread] DEBUG Input                - Mocking key press: Space
15:57:54.636 [JavaFX Application Thread] DEBUG AssetLoaderService   - Loading from cache: /assets/sounds/jump.wav
15:57:54.726 [JavaFX Application Thread] DEBUG Input                - Mocking key release: Space
15:57:54.827 [JavaFX Application Thread] DEBUG Input                - Mocking key press: Space
15:57:54.827 [JavaFX Application Thread] DEBUG AssetLoaderService   - Loading from cache: /assets/sounds/jump.wav
15:57:54.857 [JavaFX Application Thread] DEBUG Input                - Mocking key release: Space
15:57:55.294 [JavaFX Application Thread] DEBUG Input                - Mocking key press: Space
15:57:55.294 [JavaFX Application Thread] DEBUG AssetLoaderService   - Loading from cache: /assets/sounds/jump.wav
15:57:55.386 [JavaFX Application Thread] DEBUG Input                - Mocking key release: Space
15:57:55.639 [JavaFX Application Thread] DEBUG Input                - Mocking key press: Space
15:57:55.640 [JavaFX Application Thread] DEBUG AssetLoaderService   - Loading from cache: /assets/sounds/jump.wav
15:57:55.735 [JavaFX Application Thread] DEBUG Input                - Mocking key release: Space
15:57:56.219 [JavaFX Application Thread] DEBUG Input                - Mocking key press: Space
15:57:56.219 [JavaFX Application Thread] DEBUG AssetLoaderService   - Loading from cache: /assets/sounds/jump.wav
15:57:56.334 [JavaFX Application Thread] DEBUG Input                - Mocking key release: Space
15:57:56.606 [JavaFX Application Thread] DEBUG Input                - Mocking key press: Space
15:57:56.606 [JavaFX Application Thread] DEBUG AssetLoaderService   - Loading from cache: /assets/sounds/jump.wav
15:57:56.699 [JavaFX Application Thread] DEBUG Input                - Mocking key release: Space
15:57:57.122 [JavaFX Application Thread] DEBUG Input                - Mocking key press: Space
15:57:57.122 [JavaFX Application Thread] DEBUG AssetLoaderService   - Loading from cache: /assets/sounds/jump.wav
15:57:57.239 [JavaFX Application Thread] DEBUG Input                - Mocking key release: Space
15:57:57.524 [JavaFX Application Thread] DEBUG Input                - Mocking key press: Space
15:57:57.524 [JavaFX Application Thread] DEBUG AssetLoaderService   - Loading from cache: /assets/sounds/jump.wav
15:57:57.611 [JavaFX Application Thread] DEBUG Input                - Mocking key release: Space
15:57:57.893 [JavaFX Application Thread] DEBUG Input                - Mocking key press: Space
15:57:57.893 [JavaFX Application Thread] DEBUG AssetLoaderService   - Loading from cache: /assets/sounds/jump.wav
15:57:57.990 [JavaFX Application Thread] DEBUG Input                - Mocking key release: Space
15:57:58.081 [JavaFX Application Thread] DEBUG Input                - Mocking key press: Space
15:57:58.081 [JavaFX Application Thread] DEBUG AssetLoaderService   - Loading from cache: /assets/sounds/jump.wav
15:57:58.164 [JavaFX Application Thread] DEBUG Input                - Mocking key release: Space
15:57:58.568 [JavaFX Application Thread] DEBUG Input                - Mocking key press: Space
15:57:58.568 [JavaFX Application Thread] DEBUG AssetLoaderService   - Loading from cache: /assets/sounds/jump.wav
15:57:58.664 [JavaFX Application Thread] DEBUG Input                - Mocking key release: Space
15:57:58.849 [JavaFX Application Thread] DEBUG Input                - Mocking key press: Space
15:57:58.849 [JavaFX Application Thread] DEBUG AssetLoaderService   - Loading from cache: /assets/sounds/jump.wav
15:57:58.982 [JavaFX Application Thread] DEBUG Input                - Mocking key release: Space
15:57:59.263 [JavaFX Application Thread] DEBUG Input                - Mocking key press: Space
15:57:59.263 [JavaFX Application Thread] DEBUG AssetLoaderService   - Loading from cache: /assets/sounds/jump.wav
15:57:59.372 [JavaFX Application Thread] DEBUG Input                - Mocking key release: Space
15:57:59.705 [JavaFX Application Thread] DEBUG Input                - Mocking key press: Space
15:57:59.705 [JavaFX Application Thread] DEBUG AssetLoaderService   - Loading from cache: /assets/sounds/jump.wav
15:57:59.819 [JavaFX Application Thread] DEBUG Input                - Mocking key release: Space
15:58:00.205 [JavaFX Application Thread] DEBUG Input                - Mocking key press: Space
15:58:00.205 [JavaFX Application Thread] DEBUG AssetLoaderService   - Loading from cache: /assets/sounds/jump.wav
15:58:00.300 [JavaFX Application Thread] DEBUG Input                - Mocking key release: Space
15:58:00.664 [JavaFX Application Thread] DEBUG Input                - Mocking key press: Space
15:58:00.664 [JavaFX Application Thread] DEBUG AssetLoaderService   - Loading from cache: /assets/sounds/jump.wav
15:58:00.789 [JavaFX Application Thread] DEBUG Input                - Mocking key release: Space
15:58:00.995 [JavaFX Application Thread] DEBUG Input                - Mocking key press: Space
15:58:00.995 [JavaFX Application Thread] DEBUG AssetLoaderService   - Loading from cache: /assets/sounds/jump.wav
15:58:01.099 [JavaFX Application Thread] DEBUG Input                - Mocking key release: Space
15:58:01.192 [JavaFX Application Thread] DEBUG Input                - Mocking key press: Space
15:58:01.192 [JavaFX Application Thread] DEBUG AssetLoaderService   - Loading from cache: /assets/sounds/jump.wav
15:58:01.266 [JavaFX Application Thread] DEBUG Input                - Mocking key release: Space
15:58:01.503 [JavaFX Application Thread] DEBUG WindowService        - Starting new game
15:58:01.503 [JavaFX Application Thread] DEBUG Input                - Clearing active input actions
15:58:01.506 [JavaFX Application Thread] DEBUG WindowService        - Removing overlay from GameScene and adding to FXGLLoadingScene
15:58:01.506 [JavaFX Application Thread] DEBUG MainWindow           - GameScene -> FXGLLoadingScene
15:58:01.506 [JavaFX Application Thread] DEBUG WindowService        - Clearing previous game
15:58:01.506 [JavaFX Application Thread] DEBUG GameScene            - Clearing game scene
15:58:01.506 [JavaFX Application Thread] DEBUG GameWorld            - Clearing game world
15:58:01.509 [JavaFX Application Thread] DEBUG PhysicsWorld         - Clearing physics world
15:58:01.509 [FXGL Background Thread 1 ] DEBUG GameApplication      - Initializing game
15:58:01.509 [FXGL Background Thread 1 ] DEBUG AssetLoaderService   - Loading from cache: /assets/textures/bird.png
15:58:01.510 [FXGL Background Thread 1 ] INFO  GameApplication      - Game initialization took: 0.001 sec
15:58:01.510 [JavaFX Application Thread] DEBUG Input                - Clearing active input actions
15:58:01.512 [JavaFX Application Thread] DEBUG WindowService        - Removing overlay from FXGLLoadingScene and adding to GameScene
15:58:01.512 [JavaFX Application Thread] DEBUG MainWindow           - FXGLLoadingScene -> GameScene
15:58:02.883 [JavaFX Application Thread] DEBUG WindowService        - Starting new game
15:58:02.883 [JavaFX Application Thread] DEBUG Input                - Clearing active input actions
15:58:02.885 [JavaFX Application Thread] DEBUG WindowService        - Removing overlay from GameScene and adding to FXGLLoadingScene
15:58:02.885 [JavaFX Application Thread] DEBUG MainWindow           - GameScene -> FXGLLoadingScene
15:58:02.885 [JavaFX Application Thread] DEBUG WindowService        - Clearing previous game
15:58:02.885 [JavaFX Application Thread] DEBUG GameScene            - Clearing game scene
15:58:02.885 [JavaFX Application Thread] DEBUG GameWorld            - Clearing game world
15:58:02.886 [JavaFX Application Thread] DEBUG PhysicsWorld         - Clearing physics world
15:58:02.886 [FXGL Background Thread 1 ] DEBUG GameApplication      - Initializing game
15:58:02.887 [FXGL Background Thread 1 ] DEBUG AssetLoaderService   - Loading from cache: /assets/textures/bird.png
15:58:02.887 [FXGL Background Thread 1 ] INFO  GameApplication      - Game initialization took: 0.001 sec
15:58:02.887 [JavaFX Application Thread] DEBUG Input                - Clearing active input actions
15:58:02.889 [JavaFX Application Thread] DEBUG WindowService        - Removing overlay from FXGLLoadingScene and adding to GameScene
15:58:02.889 [JavaFX Application Thread] DEBUG MainWindow           - FXGLLoadingScene -> GameScene
15:58:03.054 [JavaFX Application Thread] DEBUG GameApplication      - Exiting FXGL
15:58:03.054 [JavaFX Application Thread] DEBUG LoopRunner           - Stopping loop
15:58:03.054 [JavaFX Application Thread] DEBUG SystemBundleService  - Saving FXGL system data
15:58:03.055 [JavaFX Application Thread] DEBUG FileSystemAccess     - Writing to: C:\Users\Cristian\IdeaProjects\FlappyBird\system\fxgl.bundle
15:58:03.057 [JavaFX Application Thread] DEBUG GameApplication      - Shutting down background threads
15:58:03.057 [JavaFX Application Thread] DEBUG GameApplication      - Closing logger and exiting JavaFX
